<?xml version="1.0" encoding="UTF-8"?>
<!-- Generated by org.testng.reporters.JUnitReportReporter -->
<testsuite hostname="DESKTOP-DJ4FDME" failures="0" tests="3" name="org.wipro.automation.au.testcases.LoginScenario_DDF" time="20.855" errors="0" timestamp="2024-12-11T21:51:47 IST" skipped="0">
  <testcase classname="org.wipro.automation.au.testcases.LoginScenario_DDF" name="tc01_vloginfunct" time="6.461"/>
  <testcase classname="org.wipro.automation.au.testcases.LoginScenario_DDF" name="tc01_vloginfunct" time="7.058"/>
  <testcase classname="org.wipro.automation.au.testcases.LoginScenario_DDF" name="tc01_vloginfunct" time="7.336"/>
</testsuite> <!-- org.wipro.automation.au.testcases.LoginScenario_DDF -->
