<?xml version="1.0" encoding="UTF-8"?>
<!-- Generated by org.testng.reporters.JUnitReportReporter -->
<testsuite hostname="DESKTOP-DJ4FDME" failures="0" tests="1" name="org.wipro.automation.au.basepkg.InitiateBrowser" time="5.866" errors="0" timestamp="2024-12-10T21:19:31 IST" skipped="0">
  <testcase classname="org.wipro.automation.au.basepkg.InitiateBrowser" name="launchbrowser" time="5.866"/>
</testsuite> <!-- org.wipro.automation.au.basepkg.InitiateBrowser -->
