<?xml version="1.0" encoding="UTF-8"?>
<!-- Generated by org.testng.reporters.JUnitReportReporter -->
<testsuite hostname="DESKTOP-DJ4FDME" failures="0" tests="1" name="org.wipro.automation.au.testcases.SignupScenario" time="9.995" errors="0" timestamp="2024-12-11T21:34:49 IST" skipped="0">
  <testcase classname="org.wipro.automation.au.testcases.SignupScenario" name="tc02_validate_signupvalidation" time="9.995"/>
</testsuite> <!-- org.wipro.automation.au.testcases.SignupScenario -->
