<?xml version="1.0" encoding="UTF-8"?>
<!-- Generated by org.testng.reporters.JUnitReportReporter -->
<testsuite hostname="DESKTOP-DJ4FDME" failures="0" tests="2" name="org.xyz.automation.abc.BrowserControl" time="8.878" errors="0" timestamp="2024-12-04T21:18:41 IST" skipped="1">
  <testcase classname="org.xyz.automation.abc.BrowserControl" name="dropdownlist_calendar" time="8.878"/>
  <testcase classname="org.xyz.automation.abc.BrowserControl" name="validate_differentbrowsercontrol">
    <skipped/>
  </testcase> <!-- validate_differentbrowsercontrol -->
</testsuite> <!-- org.xyz.automation.abc.BrowserControl -->
