<?xml version="1.0" encoding="UTF-8"?>
<!-- Generated by org.testng.reporters.JUnitReportReporter -->
<testsuite hostname="DESKTOP-DJ4FDME" failures="0" tests="1" name="org.wipro.automation.au.testcases.LoginScenario" time="6.216" errors="0" timestamp="2024-12-10T21:49:11 IST" skipped="0">
  <testcase classname="org.wipro.automation.au.testcases.LoginScenario" name="tc01_validate_validcred_loginfunct" time="6.216"/>
</testsuite> <!-- org.wipro.automation.au.testcases.LoginScenario -->
