<?xml version="1.0" encoding="UTF-8"?>
<!-- Generated by org.testng.reporters.JUnitReportReporter -->
<testsuite hostname="DESKTOP-DJ4FDME" failures="0" tests="5" name="demoTestNG.FifthScenario" time="0.009" errors="0" timestamp="2024-11-22T21:19:48 IST" skipped="0">
  <testcase classname="demoTestNG.FifthScenario" name="forth_testcase" time="0.004"/>
  <testcase classname="demoTestNG.FifthScenario" name="first_testcase" time="0.002"/>
  <testcase classname="demoTestNG.FifthScenario" name="Third_testcase" time="0.001"/>
  <testcase classname="demoTestNG.FifthScenario" name="second_testcase" time="0.001"/>
  <testcase classname="demoTestNG.FifthScenario" name="fifth_testcase" time="0.001"/>
</testsuite> <!-- demoTestNG.FifthScenario -->
