<?xml version="1.0" encoding="UTF-8"?>
<!-- Generated by org.testng.reporters.JUnitReportReporter -->
<testsuite hostname="DESKTOP-DJ4FDME" failures="0" tests="5" name="demoTestNG.ForthScenario" time="0.022" errors="0" timestamp="2024-11-22T21:19:49 IST" skipped="1">
  <testcase classname="demoTestNG.ForthScenario" name="first_testcase" time="0.002"/>
  <testcase classname="demoTestNG.ForthScenario" name="fifth_testcase" time="0.003"/>
  <testcase classname="demoTestNG.ForthScenario" name="forth_testcase" time="0.001"/>
  <testcase classname="demoTestNG.ForthScenario" name="Third_testcase" time="0.016"/>
  <testcase classname="demoTestNG.ForthScenario" name="second_testcase">
    <skipped/>
  </testcase> <!-- second_testcase -->
</testsuite> <!-- demoTestNG.ForthScenario -->
