<?xml version="1.0" encoding="UTF-8"?>
<!-- Generated by org.testng.reporters.JUnitReportReporter -->
<testsuite hostname="DESKTOP-DJ4FDME" failures="0" tests="4" name="org.xyz.automation.abc.HandleKbMsWi" time="23.514" errors="0" timestamp="2024-12-06T21:33:14 IST" skipped="2">
  <testcase classname="org.xyz.automation.abc.HandleKbMsWi" name="handleframes" time="19.192"/>
  <testcase classname="org.xyz.automation.abc.HandleKbMsWi" name="handlealerts" time="4.322"/>
  <testcase classname="org.xyz.automation.abc.HandleKbMsWi" name="handlemouse">
    <skipped/>
  </testcase> <!-- handlemouse -->
  <testcase classname="org.xyz.automation.abc.HandleKbMsWi" name="handleKeyboard">
    <skipped/>
  </testcase> <!-- handleKeyboard -->
</testsuite> <!-- org.xyz.automation.abc.HandleKbMsWi -->
