<?xml version="1.0" encoding="UTF-8"?>
<!-- Generated by org.testng.reporters.JUnitReportReporter -->
<testsuite hostname="DESKTOP-DJ4FDME" failures="0" tests="2" name="org.xyz.automation.abc.FirstAutomation" time="6.159" errors="0" timestamp="2024-11-27T21:40:12 IST" skipped="1">
  <testcase classname="org.xyz.automation.abc.FirstAutomation" name="validate_loginfunct" time="6.159"/>
  <testcase classname="org.xyz.automation.abc.FirstAutomation" name="validate_signupfunct">
    <skipped/>
  </testcase> <!-- validate_signupfunct -->
</testsuite> <!-- org.xyz.automation.abc.FirstAutomation -->
