<?xml version="1.0" encoding="UTF-8"?>
<!-- Generated by org.testng.reporters.JUnitReportReporter -->
<testsuite hostname="DESKTOP-DJ4FDME" failures="0" tests="1" name="org.wipro.automation.au.testcases.SwagLoginScenario" time="5.399" errors="0" timestamp="2024-12-13T21:39:09 IST" skipped="0">
  <testcase classname="org.wipro.automation.au.testcases.SwagLoginScenario" name="tc01_validate_validcred_loginfunct" time="5.399"/>
</testsuite> <!-- org.wipro.automation.au.testcases.SwagLoginScenario -->
